Using pre-set license
Built from '2020.3/staging' branch; Version is '2020.3.3f1 (76626098c1c4) revision 7758432'; Using compiler version '192528614'; Build Type 'Release'
OS: 'Windows 10 Pro; OS build 22000.493; Version 2009; 64bit' Language: 'ko' Physical Memory: 16251 MB
BatchMode: 1, IsHumanControllingUs: 0, StartBugReporterOnCrash: 0, Is64bit: 1, IsPro: 0

 COMMAND LINE ARGUMENTS:
C:\Program Files\Unity\2020.3.3f1\Editor\Unity.exe
-adb2
-batchMode
-noUpm
-name
AssetImportWorker0
-projectPath
C:/Users/widebrain/Desktop/UnityMultiGame/MultiPlayerGame
-logFile
Logs/AssetImportWorker0.log
-srvPort
65344
Successfully changed project path to: C:/Users/widebrain/Desktop/UnityMultiGame/MultiPlayerGame
C:/Users/widebrain/Desktop/UnityMultiGame/MultiPlayerGame
Using Asset Import Pipeline V2.
Refreshing native plugins compatible for Editor in 21.88 ms, found 0 plugins.
Preloading 0 native plugins for Editor in 0.00 ms.
Initialize engine version: 2020.3.3f1 (76626098c1c4)
[Subsystems] Discovering subsystems at path C:/Program Files/Unity/2020.3.3f1/Editor/Data/Resources/UnitySubsystems
[Subsystems] Discovering subsystems at path C:/Users/widebrain/Desktop/UnityMultiGame/MultiPlayerGame/Assets
GfxDevice: creating device client; threaded=0
Direct3D:
    Version:  Direct3D 11.0 [level 11.1]
    Renderer: NVIDIA GeForce RTX 2060 (ID=0x1f15)
    Vendor:   
    VRAM:     5980 MB
    Driver:   27.21.14.5749
Initialize mono
Mono path[0] = 'C:/Program Files/Unity/2020.3.3f1/Editor/Data/Managed'
Mono path[1] = 'C:/Program Files/Unity/2020.3.3f1/Editor/Data/MonoBleedingEdge/lib/mono/unityjit'
Mono config path = 'C:/Program Files/Unity/2020.3.3f1/Editor/Data/MonoBleedingEdge/etc'
Using monoOptions --debugger-agent=transport=dt_socket,embedding=1,server=y,suspend=n,address=127.0.0.1:56444
Begin MonoManager ReloadAssembly
Registering precompiled unity dll's ...
Register platform support module: C:/Program Files/Unity/2020.3.3f1/Editor/Data/PlaybackEngines/WindowsStandaloneSupport/UnityEditor.WindowsStandalone.Extensions.dll
Registered in 0.005324 seconds.
Native extension for WindowsStandalone target not found
Refreshing native plugins compatible for Editor in 20.37 ms, found 0 plugins.
Preloading 0 native plugins for Editor in 0.00 ms.
Invoked RoslynAnalysisRunner static constructor.
RoslynAnalysisRunner will not be running.
RoslynAnalysisRunner has terminated.
Mono: successfully reloaded assembly
- Completed reload, in  2.032 seconds
Platform modules already initialized, skipping
Registering precompiled user dll's ...
Registered in 0.000640 seconds.
Begin MonoManager ReloadAssembly
Native extension for WindowsStandalone target not found
Refreshing native plugins compatible for Editor in 0.20 ms, found 0 plugins.
Preloading 0 native plugins for Editor in 0.00 ms.
Invoked RoslynAnalysisRunner static constructor.
RoslynAnalysisRunner will not be running.
RoslynAnalysisRunner has terminated.
Mono: successfully reloaded assembly
- Completed reload, in  0.793 seconds
Platform modules already initialized, skipping
========================================================================
Worker process is ready to serve import requests
Launched and connected shader compiler UnityShaderCompiler.exe after 0.03 seconds
Refreshing native plugins compatible for Editor in 0.17 ms, found 0 plugins.
Preloading 0 native plugins for Editor in 0.00 ms.
Unloading 1115 Unused Serialized files (Serialized files now loaded: 0)
System memory in use before: 57.1 MB.
System memory in use after: 57.1 MB.

Unloading 10 unused Assets to reduce memory usage. Loaded Objects now: 1557.
Total: 1.631500 ms (FindLiveObjects: 0.231600 ms CreateObjectMapping: 0.072000 ms MarkObjects: 1.261100 ms  DeleteObjects: 0.065500 ms)

========================================================================
Received Import Request.
  path: Assets/Scenes/main.unity
  artifactKey: Guid(9fc0d4010bbf28b4594072e72b8655ab) Importer(815301076,1909f56bfc062723c751e8b465ee728b)
Start importing Assets/Scenes/main.unity using Guid(9fc0d4010bbf28b4594072e72b8655ab) Importer(815301076,1909f56bfc062723c751e8b465ee728b)  -> (artifact id: '9ad0710a5ce8f5df809b9843acd2775f') in 0.013395 seconds
  Import took 0.015857 seconds .

========================================================================
Received Import Request.
  Time since last request: 1.071183 seconds.
  path: Assets
  artifactKey: Guid(00000000000000001000000000000000) Importer(815301076,1909f56bfc062723c751e8b465ee728b)
Start importing Assets using Guid(00000000000000001000000000000000) Importer(815301076,1909f56bfc062723c751e8b465ee728b)  -> (artifact id: 'b2e0e235c0f4af3754229b664788db90') in 0.003949 seconds
  Import took 0.005806 seconds .

========================================================================
Received Import Request.
  Time since last request: 4.256596 seconds.
  path: Assets/Scripts
  artifactKey: Guid(cb3a5553c7890af4ca5346a4090a19fe) Importer(815301076,1909f56bfc062723c751e8b465ee728b)
Start importing Assets/Scripts using Guid(cb3a5553c7890af4ca5346a4090a19fe) Importer(815301076,1909f56bfc062723c751e8b465ee728b)  -> (artifact id: '2c8086bc30311cb005cb8c87f73f8ac6') in 0.003442 seconds
  Import took 0.005096 seconds .

========================================================================
Received Import Request.
  Time since last request: 6.959364 seconds.
  path: Assets/Scripts/Client.cs
  artifactKey: Guid(3643f71bfdf60cb408119ae3437609da) Importer(815301076,1909f56bfc062723c751e8b465ee728b)
Start importing Assets/Scripts/Client.cs using Guid(3643f71bfdf60cb408119ae3437609da) Importer(815301076,1909f56bfc062723c751e8b465ee728b)  -> (artifact id: 'f6c90a7130c5ba4ccd82465384c85ba2') in 0.019964 seconds
  Import took 0.021817 seconds .

========================================================================
Received Import Request.
  Time since last request: 0.001743 seconds.
  path: Assets/Scripts/Client.cs
  artifactKey: Guid(3643f71bfdf60cb408119ae3437609da) Importer(815301076,1909f56bfc062723c751e8b465ee728b)
Start importing Assets/Scripts/Client.cs using Guid(3643f71bfdf60cb408119ae3437609da) Importer(815301076,1909f56bfc062723c751e8b465ee728b)  -> (artifact id: 'f6c90a7130c5ba4ccd82465384c85ba2') in 0.003287 seconds
  Import took 0.005776 seconds .

========================================================================
Received Prepare
Registering precompiled user dll's ...
Registered in 0.000533 seconds.
Begin MonoManager ReloadAssembly
Native extension for WindowsStandalone target not found
Refreshing native plugins compatible for Editor in 0.17 ms, found 0 plugins.
Preloading 0 native plugins for Editor in 0.00 ms.
Invoked RoslynAnalysisRunner static constructor.
RoslynAnalysisRunner will not be running.
RoslynAnalysisRunner has terminated.
Mono: successfully reloaded assembly
- Completed reload, in  0.735 seconds
Platform modules already initialized, skipping
Refreshing native plugins compatible for Editor in 0.17 ms, found 0 plugins.
Preloading 0 native plugins for Editor in 0.00 ms.
Unloading 1111 Unused Serialized files (Serialized files now loaded: 0)
System memory in use before: 57.0 MB.
System memory in use after: 57.1 MB.

Unloading 5 unused Assets to reduce memory usage. Loaded Objects now: 1561.
Total: 1.480800 ms (FindLiveObjects: 0.188100 ms CreateObjectMapping: 0.072900 ms MarkObjects: 1.175900 ms  DeleteObjects: 0.043200 ms)

========================================================================
Received Import Request.
  Time since last request: 4.640423 seconds.
  path: Assets/Scripts/NewBehaviourScript.cs
  artifactKey: Guid(978b2a42d98f36a47a8d205f49e560a7) Importer(815301076,1909f56bfc062723c751e8b465ee728b)
Start importing Assets/Scripts/NewBehaviourScript.cs using Guid(978b2a42d98f36a47a8d205f49e560a7) Importer(815301076,1909f56bfc062723c751e8b465ee728b)  -> (artifact id: '2362f0d516e9ad1b82cc7aa1f4450c56') in 0.005048 seconds
  Import took 0.007476 seconds .

========================================================================
Received Import Request.
  Time since last request: 0.000886 seconds.
  path: Assets/Scripts/NewBehaviourScript.cs
  artifactKey: Guid(978b2a42d98f36a47a8d205f49e560a7) Importer(815301076,1909f56bfc062723c751e8b465ee728b)
Start importing Assets/Scripts/NewBehaviourScript.cs using Guid(978b2a42d98f36a47a8d205f49e560a7) Importer(815301076,1909f56bfc062723c751e8b465ee728b)  -> (artifact id: '2362f0d516e9ad1b82cc7aa1f4450c56') in 0.002497 seconds
  Import took 0.003939 seconds .

========================================================================
Received Import Request.
  Time since last request: 6.754249 seconds.
  path: Assets/Scripts/UIManager.cs
  artifactKey: Guid(978b2a42d98f36a47a8d205f49e560a7) Importer(815301076,1909f56bfc062723c751e8b465ee728b)
Start importing Assets/Scripts/UIManager.cs using Guid(978b2a42d98f36a47a8d205f49e560a7) Importer(815301076,1909f56bfc062723c751e8b465ee728b)  -> (artifact id: '7a3ab72aa2d3134eb16e64a9165ef4cd') in 0.002941 seconds
  Import took 0.004868 seconds .

========================================================================
Received Prepare
Registering precompiled user dll's ...
Registered in 0.000675 seconds.
Begin MonoManager ReloadAssembly
Native extension for WindowsStandalone target not found
Refreshing native plugins compatible for Editor in 0.20 ms, found 0 plugins.
Preloading 0 native plugins for Editor in 0.00 ms.
Invoked RoslynAnalysisRunner static constructor.
RoslynAnalysisRunner will not be running.
RoslynAnalysisRunner has terminated.
Mono: successfully reloaded assembly
- Completed reload, in  0.740 seconds
Platform modules already initialized, skipping
Refreshing native plugins compatible for Editor in 0.18 ms, found 0 plugins.
Preloading 0 native plugins for Editor in 0.00 ms.
Unloading 1112 Unused Serialized files (Serialized files now loaded: 0)
System memory in use before: 57.1 MB.
System memory in use after: 57.2 MB.

Unloading 5 unused Assets to reduce memory usage. Loaded Objects now: 1565.
Total: 1.482400 ms (FindLiveObjects: 0.151800 ms CreateObjectMapping: 0.040100 ms MarkObjects: 1.244300 ms  DeleteObjects: 0.045000 ms)

========================================================================
Received Import Request.
  Time since last request: 822.396256 seconds.
  path: Assets/Scripts/Client.cs
  artifactKey: Guid(3643f71bfdf60cb408119ae3437609da) Importer(815301076,1909f56bfc062723c751e8b465ee728b)
Start importing Assets/Scripts/Client.cs using Guid(3643f71bfdf60cb408119ae3437609da) Importer(815301076,1909f56bfc062723c751e8b465ee728b)  -> (artifact id: '8ecdde8aacfb4124f90103aa528e3bfd') in 0.008271 seconds
  Import took 0.009897 seconds .

========================================================================
Received Prepare
Registering precompiled user dll's ...
Registered in 0.000880 seconds.
Begin MonoManager ReloadAssembly
Native extension for WindowsStandalone target not found
Refreshing native plugins compatible for Editor in 0.18 ms, found 0 plugins.
Preloading 0 native plugins for Editor in 0.00 ms.
Invoked RoslynAnalysisRunner static constructor.
RoslynAnalysisRunner will not be running.
RoslynAnalysisRunner has terminated.
Mono: successfully reloaded assembly
- Completed reload, in  0.732 seconds
Platform modules already initialized, skipping
Refreshing native plugins compatible for Editor in 0.18 ms, found 0 plugins.
Preloading 0 native plugins for Editor in 0.00 ms.
Unloading 1112 Unused Serialized files (Serialized files now loaded: 0)
System memory in use before: 57.1 MB.
System memory in use after: 57.2 MB.

Unloading 5 unused Assets to reduce memory usage. Loaded Objects now: 1568.
Total: 1.588100 ms (FindLiveObjects: 0.179300 ms CreateObjectMapping: 0.044300 ms MarkObjects: 1.312300 ms  DeleteObjects: 0.050600 ms)

========================================================================
Received Import Request.
  Time since last request: 176.689147 seconds.
  path: Assets/Scripts/UIManager.cs
  artifactKey: Guid(978b2a42d98f36a47a8d205f49e560a7) Importer(815301076,1909f56bfc062723c751e8b465ee728b)
Start importing Assets/Scripts/UIManager.cs using Guid(978b2a42d98f36a47a8d205f49e560a7) Importer(815301076,1909f56bfc062723c751e8b465ee728b)  -> (artifact id: 'e82d54f1fa639e1c5ca30785ae5142dd') in 0.004301 seconds
  Import took 0.006717 seconds .

========================================================================
Received Prepare
Registering precompiled user dll's ...
Registered in 0.000631 seconds.
Begin MonoManager ReloadAssembly
Native extension for WindowsStandalone target not found
Refreshing native plugins compatible for Editor in 0.19 ms, found 0 plugins.
Preloading 0 native plugins for Editor in 0.00 ms.
Invoked RoslynAnalysisRunner static constructor.
RoslynAnalysisRunner will not be running.
RoslynAnalysisRunner has terminated.
Mono: successfully reloaded assembly
- Completed reload, in  0.814 seconds
Platform modules already initialized, skipping
Refreshing native plugins compatible for Editor in 0.26 ms, found 0 plugins.
Preloading 0 native plugins for Editor in 0.00 ms.
Unloading 1112 Unused Serialized files (Serialized files now loaded: 0)
System memory in use before: 57.1 MB.
System memory in use after: 57.2 MB.

Unloading 5 unused Assets to reduce memory usage. Loaded Objects now: 1571.
Total: 1.636500 ms (FindLiveObjects: 0.194900 ms CreateObjectMapping: 0.139200 ms MarkObjects: 1.255800 ms  DeleteObjects: 0.045200 ms)

AssetImportWorkerClient::OnTransportError - code=2 error=End of file
